<?xml version="1.0" encoding="UTF-8"?>
<!-- Generated by org.testng.reporters.JUnitReportReporter -->
<testsuite skipped="0" hostname="VAIO" name="test.Tests" tests="2" failures="0" timestamp="2021-01-08T13:44:00 CAT" time="29.616" errors="0">
  <testcase name="ThandoServicesHomeLoad" time="3.515" classname="test.Tests"/>
  <system-out/>
  <testcase name="Ow2OneFaceBookLink" time="26.101" classname="test.Tests"/>
  <system-out/>
</testsuite> <!-- test.Tests -->
